
████████████████████████████████████
█   SMART ACTIVITY SYSTEM v1.1     █
████████████████████████████████████
 Project : dailyTasks
 Status  : Stabilization & Cleanup
 Tag     : #cleanup
 Commits : 515
 Run     : #448
 Day     : Monday
 Week    : #12
 Time    : 2026-03-16 04:38:23 UTC
 Hash    : cc94c3cc6b692f3a2fe8d2d2be9d54e267b60b0eea3d6c5ce5ec6999933b9210
 Signature: imedkablavi
████████████████████████████████████

████████████████████████████████████
█   SMART ACTIVITY SYSTEM v1.1     █
████████████████████████████████████
 Project : dailyTasks
 Status  : Stabilization & Cleanup
 Tag     : #cleanup
 Commits : 516
 Run     : #449
 Day     : Monday
 Week    : #12
 Time    : 2026-03-16 07:12:47 UTC
 Hash    : 6fab52399150dae76f18cc36f2107541ce0ce5ea460c59696b0a3f676ca42fd3
 Signature: imedkablavi
████████████████████████████████████
