
████████████████████████████████████
█   SMART ACTIVITY SYSTEM v1.0     █
████████████████████████████████████
 Project : dailyTasks
 Status  : Active Development
 Tag     : #dev
 Commits : 68
 Run     : #9
 Day     : Monday
 Week    : #01
 Time    : Mon Dec 29 06:38:06 UTC 2025
 Hash    : 0202b9827b0ececc3334d1c98139be25ad3495134f5463769b91c982132bc57c
 Signature: imedkablavi
████████████████████████████████████

████████████████████████████████████
█   SMART ACTIVITY SYSTEM v1.0     █
████████████████████████████████████
 Project : dailyTasks
 Status  : Active Development
 Tag     : #dev
 Commits : 69
 Run     : #10
 Day     : Monday
 Week    : #01
 Time    : Mon Dec 29 18:17:51 UTC 2025
 Hash    : 976060e4dc5a99b6001408ccfeedad99c83ee33128ecb3c9abe8af262d681630
 Signature: imedkablavi
████████████████████████████████████
