
████████████████████████████████████
█   SMART ACTIVITY SYSTEM v1.1     █
████████████████████████████████████
 Project : dailyTasks
 Status  : Stabilization & Cleanup
 Tag     : #cleanup
 Commits : 347
 Run     : #280
 Day     : Monday
 Week    : #08
 Time    : 2026-02-16 04:24:06 UTC
 Hash    : f82dd74c339d64f243ff9ca5eb7934d51e9d5b691bc562e132c9b3afae7ca46f
 Signature: imedkablavi
████████████████████████████████████

████████████████████████████████████
█   SMART ACTIVITY SYSTEM v1.1     █
████████████████████████████████████
 Project : dailyTasks
 Status  : Stabilization & Cleanup
 Tag     : #cleanup
 Commits : 348
 Run     : #281
 Day     : Monday
 Week    : #08
 Time    : 2026-02-16 06:59:53 UTC
 Hash    : bdbfa4b1d83342480f59807d71b235af103e963af49468f1840613a1ee923d8e
 Signature: imedkablavi
████████████████████████████████████

████████████████████████████████████
█   SMART ACTIVITY SYSTEM v1.1     █
████████████████████████████████████
 Project : dailyTasks
 Status  : Stabilization & Cleanup
 Tag     : #cleanup
 Commits : 349
 Run     : #282
 Day     : Monday
 Week    : #08
 Time    : 2026-02-16 10:46:18 UTC
 Hash    : 9a9137eb43e644711d395015b23ea9493b0f63f5575cd01b79fcf33fad2c0e1d
 Signature: imedkablavi
████████████████████████████████████

████████████████████████████████████
█   SMART ACTIVITY SYSTEM v1.1     █
████████████████████████████████████
 Project : dailyTasks
 Status  : Stabilization & Cleanup
 Tag     : #cleanup
 Commits : 350
 Run     : #283
 Day     : Monday
 Week    : #08
 Time    : 2026-02-16 14:39:23 UTC
 Hash    : de21a6a5036ff1753eb02d392d04177086579a62d9d72cd3445790eda6794896
 Signature: imedkablavi
████████████████████████████████████

████████████████████████████████████
█   SMART ACTIVITY SYSTEM v1.1     █
████████████████████████████████████
 Project : dailyTasks
 Status  : Stabilization & Cleanup
 Tag     : #cleanup
 Commits : 351
 Run     : #284
 Day     : Monday
 Week    : #08
 Time    : 2026-02-16 18:39:19 UTC
 Hash    : 5657a404b345c91b907f62293024291fbef1d4cc30acdec03854fe4bcbe29d60
 Signature: imedkablavi
████████████████████████████████████

████████████████████████████████████
█   SMART ACTIVITY SYSTEM v1.1     █
████████████████████████████████████
 Project : dailyTasks
 Status  : Stabilization & Cleanup
 Tag     : #cleanup
 Commits : 352
 Run     : #285
 Day     : Monday
 Week    : #08
 Time    : 2026-02-16 22:25:14 UTC
 Hash    : a53416fbc6969cc5a0425ef14be976bf48071c8961aa1c16a236da145027745b
 Signature: imedkablavi
████████████████████████████████████

████████████████████████████████████
█   SMART ACTIVITY SYSTEM v1.1     █
████████████████████████████████████
 Project : dailyTasks
 Status  : Stabilization & Cleanup
 Tag     : #cleanup
 Commits : 353
 Run     : #286
 Day     : Tuesday
 Week    : #08
 Time    : 2026-02-17 04:18:27 UTC
 Hash    : b51cccfb955f5739e1b3692cf629232e94f56703c66c87c94f39e0a3bf68d8d7
 Signature: imedkablavi
████████████████████████████████████

████████████████████████████████████
█   SMART ACTIVITY SYSTEM v1.1     █
████████████████████████████████████
 Project : dailyTasks
 Status  : Stabilization & Cleanup
 Tag     : #cleanup
 Commits : 354
 Run     : #287
 Day     : Tuesday
 Week    : #08
 Time    : 2026-02-17 06:55:55 UTC
 Hash    : 7bc3e9c3610925260c792fe719e9e94c93275384b7d69548a585e5117e50aff3
 Signature: imedkablavi
████████████████████████████████████

████████████████████████████████████
█   SMART ACTIVITY SYSTEM v1.1     █
████████████████████████████████████
 Project : dailyTasks
 Status  : Stabilization & Cleanup
 Tag     : #cleanup
 Commits : 355
 Run     : #288
 Day     : Tuesday
 Week    : #08
 Time    : 2026-02-17 10:42:01 UTC
 Hash    : 03d4fcfb4334ac731fa10640aaf52af5972dd2d1cdee5f6b42b9b827850ee181
 Signature: imedkablavi
████████████████████████████████████

████████████████████████████████████
█   SMART ACTIVITY SYSTEM v1.1     █
████████████████████████████████████
 Project : dailyTasks
 Status  : Stabilization & Cleanup
 Tag     : #cleanup
 Commits : 356
 Run     : #289
 Day     : Tuesday
 Week    : #08
 Time    : 2026-02-17 14:42:30 UTC
 Hash    : f73627470960ec3251d7b6152a3883b6f63853a4fb5a3f918d997a84ded52b2e
 Signature: imedkablavi
████████████████████████████████████

████████████████████████████████████
█   SMART ACTIVITY SYSTEM v1.1     █
████████████████████████████████████
 Project : dailyTasks
 Status  : Stabilization & Cleanup
 Tag     : #cleanup
 Commits : 357
 Run     : #290
 Day     : Tuesday
 Week    : #08
 Time    : 2026-02-17 18:54:33 UTC
 Hash    : 907e186b14358eed9c97dc15cad101f883f3e1c5f116c87aeab9d960ea948d87
 Signature: imedkablavi
████████████████████████████████████

████████████████████████████████████
█   SMART ACTIVITY SYSTEM v1.1     █
████████████████████████████████████
 Project : dailyTasks
 Status  : Stabilization & Cleanup
 Tag     : #cleanup
 Commits : 358
 Run     : #291
 Day     : Tuesday
 Week    : #08
 Time    : 2026-02-17 22:28:13 UTC
 Hash    : 2a8006863f293aabbb2adf2916050795935f8108ae0b8647151bae5f951cface
 Signature: imedkablavi
████████████████████████████████████

████████████████████████████████████
█   SMART ACTIVITY SYSTEM v1.1     █
████████████████████████████████████
 Project : dailyTasks
 Status  : Stabilization & Cleanup
 Tag     : #cleanup
 Commits : 359
 Run     : #292
 Day     : Wednesday
 Week    : #08
 Time    : 2026-02-18 04:20:49 UTC
 Hash    : 97517dedef9d25cedf2214dcc2811cae8696285ac3bc0b732cb5ad3c9f75f4d1
 Signature: imedkablavi
████████████████████████████████████

████████████████████████████████████
█   SMART ACTIVITY SYSTEM v1.1     █
████████████████████████████████████
 Project : dailyTasks
 Status  : Stabilization & Cleanup
 Tag     : #cleanup
 Commits : 360
 Run     : #293
 Day     : Wednesday
 Week    : #08
 Time    : 2026-02-18 06:58:18 UTC
 Hash    : d3328d91b017d16fa8c74ad1a037e4105c831fd69adb4c561d949758ef0f1ea4
 Signature: imedkablavi
████████████████████████████████████

████████████████████████████████████
█   SMART ACTIVITY SYSTEM v1.1     █
████████████████████████████████████
 Project : dailyTasks
 Status  : Stabilization & Cleanup
 Tag     : #cleanup
 Commits : 361
 Run     : #294
 Day     : Wednesday
 Week    : #08
 Time    : 2026-02-18 10:41:24 UTC
 Hash    : 93354ee8ca3e109345c135f049a4e6fd1b86af45cb7c8d35c4346890eb82bb0e
 Signature: imedkablavi
████████████████████████████████████

████████████████████████████████████
█   SMART ACTIVITY SYSTEM v1.1     █
████████████████████████████████████
 Project : dailyTasks
 Status  : Stabilization & Cleanup
 Tag     : #cleanup
 Commits : 362
 Run     : #295
 Day     : Wednesday
 Week    : #08
 Time    : 2026-02-18 14:41:40 UTC
 Hash    : 6879ce867a0fa42812a4d54aac7e04955ed4cf9d90e95e4178409e28add45d0d
 Signature: imedkablavi
████████████████████████████████████

████████████████████████████████████
█   SMART ACTIVITY SYSTEM v1.1     █
████████████████████████████████████
 Project : dailyTasks
 Status  : Stabilization & Cleanup
 Tag     : #cleanup
 Commits : 363
 Run     : #296
 Day     : Wednesday
 Week    : #08
 Time    : 2026-02-18 18:51:25 UTC
 Hash    : 4c49ec344a3121db7e2c7e1eb79516819295020adc0936d31cc8fabad6902988
 Signature: imedkablavi
████████████████████████████████████

████████████████████████████████████
█   SMART ACTIVITY SYSTEM v1.1     █
████████████████████████████████████
 Project : dailyTasks
 Status  : Stabilization & Cleanup
 Tag     : #cleanup
 Commits : 364
 Run     : #297
 Day     : Wednesday
 Week    : #08
 Time    : 2026-02-18 22:30:00 UTC
 Hash    : 9fe1fbcee0dbbf0c88d9a06ab05db4774d6ad739e3b289089bc51179f18a6129
 Signature: imedkablavi
████████████████████████████████████

████████████████████████████████████
█   SMART ACTIVITY SYSTEM v1.1     █
████████████████████████████████████
 Project : dailyTasks
 Status  : Stabilization & Cleanup
 Tag     : #cleanup
 Commits : 365
 Run     : #298
 Day     : Thursday
 Week    : #08
 Time    : 2026-02-19 04:19:19 UTC
 Hash    : 0663a9184c5e28ada3b193600c2be6ba25630592d33832ddcb568152c5a48beb
 Signature: imedkablavi
████████████████████████████████████

████████████████████████████████████
█   SMART ACTIVITY SYSTEM v1.1     █
████████████████████████████████████
 Project : dailyTasks
 Status  : Stabilization & Cleanup
 Tag     : #cleanup
 Commits : 366
 Run     : #299
 Day     : Thursday
 Week    : #08
 Time    : 2026-02-19 06:56:55 UTC
 Hash    : ddf8ce29eb376164493209bda2844778a542e9c96a0c96927b8fa366e26f60f9
 Signature: imedkablavi
████████████████████████████████████

████████████████████████████████████
█   SMART ACTIVITY SYSTEM v1.1     █
████████████████████████████████████
 Project : dailyTasks
 Status  : Stabilization & Cleanup
 Tag     : #cleanup
 Commits : 367
 Run     : #300
 Day     : Thursday
 Week    : #08
 Time    : 2026-02-19 10:40:02 UTC
 Hash    : abc60c9f1b3cd306e3e7d67fa6afd6bb2c993345e437c9f6ca6b3646c028f0cf
 Signature: imedkablavi
████████████████████████████████████

████████████████████████████████████
█   SMART ACTIVITY SYSTEM v1.1     █
████████████████████████████████████
 Project : dailyTasks
 Status  : Stabilization & Cleanup
 Tag     : #cleanup
 Commits : 368
 Run     : #301
 Day     : Thursday
 Week    : #08
 Time    : 2026-02-19 14:43:32 UTC
 Hash    : f15666015c593d951c1685737429e0b2cb4ba7f06cc3ea453511b6cebbf99f45
 Signature: imedkablavi
████████████████████████████████████

████████████████████████████████████
█   SMART ACTIVITY SYSTEM v1.1     █
████████████████████████████████████
 Project : dailyTasks
 Status  : Stabilization & Cleanup
 Tag     : #cleanup
 Commits : 369
 Run     : #302
 Day     : Thursday
 Week    : #08
 Time    : 2026-02-19 18:47:11 UTC
 Hash    : 59a310c17c30fdbd154230eda2c49e8e541706c8b19e0fc961c153c2a8dbcc57
 Signature: imedkablavi
████████████████████████████████████

████████████████████████████████████
█   SMART ACTIVITY SYSTEM v1.1     █
████████████████████████████████████
 Project : dailyTasks
 Status  : Stabilization & Cleanup
 Tag     : #cleanup
 Commits : 370
 Run     : #303
 Day     : Thursday
 Week    : #08
 Time    : 2026-02-19 22:28:32 UTC
 Hash    : a1213ab71e3b00b4636075ccadb267d03f3125155f812f54b60f90212cf4f64a
 Signature: imedkablavi
████████████████████████████████████

████████████████████████████████████
█   SMART ACTIVITY SYSTEM v1.1     █
████████████████████████████████████
 Project : dailyTasks
 Status  : Stabilization & Cleanup
 Tag     : #cleanup
 Commits : 371
 Run     : #304
 Day     : Friday
 Week    : #08
 Time    : 2026-02-20 04:13:22 UTC
 Hash    : 1c065723dc3df5dd9d686a071d7557ba06cd578c1034049df1c813b3603b1136
 Signature: imedkablavi
████████████████████████████████████

████████████████████████████████████
█   SMART ACTIVITY SYSTEM v1.1     █
████████████████████████████████████
 Project : dailyTasks
 Status  : Stabilization & Cleanup
 Tag     : #cleanup
 Commits : 372
 Run     : #305
 Day     : Friday
 Week    : #08
 Time    : 2026-02-20 06:53:08 UTC
 Hash    : 5baf7cb34c685a4d5da8e370e27ac55ba002e2eb64b4cf4d0a233ac94eafdb33
 Signature: imedkablavi
████████████████████████████████████

████████████████████████████████████
█   SMART ACTIVITY SYSTEM v1.1     █
████████████████████████████████████
 Project : dailyTasks
 Status  : Stabilization & Cleanup
 Tag     : #cleanup
 Commits : 373
 Run     : #306
 Day     : Friday
 Week    : #08
 Time    : 2026-02-20 10:34:36 UTC
 Hash    : 8bae00f3ba6788dd3ea1e5d28494d456d1e2ba4997010f3246a53bebfac98c60
 Signature: imedkablavi
████████████████████████████████████

████████████████████████████████████
█   SMART ACTIVITY SYSTEM v1.1     █
████████████████████████████████████
 Project : dailyTasks
 Status  : Stabilization & Cleanup
 Tag     : #cleanup
 Commits : 374
 Run     : #307
 Day     : Friday
 Week    : #08
 Time    : 2026-02-20 14:37:23 UTC
 Hash    : f680121bc886f3cc84b2b2650132fa995ea8032b9add109963c56c464fc44ad5
 Signature: imedkablavi
████████████████████████████████████

████████████████████████████████████
█   SMART ACTIVITY SYSTEM v1.1     █
████████████████████████████████████
 Project : dailyTasks
 Status  : Stabilization & Cleanup
 Tag     : #cleanup
 Commits : 375
 Run     : #308
 Day     : Friday
 Week    : #08
 Time    : 2026-02-20 18:42:23 UTC
 Hash    : b769259e7a2272f90967ea3f2bfb29ca29396fe1c04ec209e5aea80220d1b923
 Signature: imedkablavi
████████████████████████████████████

████████████████████████████████████
█   SMART ACTIVITY SYSTEM v1.1     █
████████████████████████████████████
 Project : dailyTasks
 Status  : Stabilization & Cleanup
 Tag     : #cleanup
 Commits : 376
 Run     : #309
 Day     : Friday
 Week    : #08
 Time    : 2026-02-20 22:22:38 UTC
 Hash    : 4f8b02caedd453c7279bf41bb7a3eba34dfb0caa41eff7b9bef9139380615f7c
 Signature: imedkablavi
████████████████████████████████████

████████████████████████████████████
█   SMART ACTIVITY SYSTEM v1.1     █
████████████████████████████████████
 Project : dailyTasks
 Status  : Stabilization & Cleanup
 Tag     : #cleanup
 Commits : 377
 Run     : #310
 Day     : Saturday
 Week    : #08
 Time    : 2026-02-21 04:05:03 UTC
 Hash    : 0b63715cef5e423e74e8d273504f5741ae491a05e414cd11dfcdc374cb3eb1f8
 Signature: imedkablavi
████████████████████████████████████

████████████████████████████████████
█   SMART ACTIVITY SYSTEM v1.1     █
████████████████████████████████████
 Project : dailyTasks
 Status  : Stabilization & Cleanup
 Tag     : #cleanup
 Commits : 378
 Run     : #311
 Day     : Saturday
 Week    : #08
 Time    : 2026-02-21 06:38:04 UTC
 Hash    : 0e48fda85ad183f943028c50f5f0fd0326bfeab724612d989778c2fd8639c46c
 Signature: imedkablavi
████████████████████████████████████

████████████████████████████████████
█   SMART ACTIVITY SYSTEM v1.1     █
████████████████████████████████████
 Project : dailyTasks
 Status  : Stabilization & Cleanup
 Tag     : #cleanup
 Commits : 379
 Run     : #312
 Day     : Saturday
 Week    : #08
 Time    : 2026-02-21 10:23:14 UTC
 Hash    : 189ea343444602ec6ce97fa68c9f6b93310b3eec81b4c17325407ee6238584c6
 Signature: imedkablavi
████████████████████████████████████

████████████████████████████████████
█   SMART ACTIVITY SYSTEM v1.1     █
████████████████████████████████████
 Project : dailyTasks
 Status  : Stabilization & Cleanup
 Tag     : #cleanup
 Commits : 380
 Run     : #313
 Day     : Saturday
 Week    : #08
 Time    : 2026-02-21 14:23:44 UTC
 Hash    : bcd9b5fca956f760cf07055b33a0a6592e330a71ed19c5e958cce833cdad0592
 Signature: imedkablavi
████████████████████████████████████

████████████████████████████████████
█   SMART ACTIVITY SYSTEM v1.1     █
████████████████████████████████████
 Project : dailyTasks
 Status  : Stabilization & Cleanup
 Tag     : #cleanup
 Commits : 381
 Run     : #314
 Day     : Saturday
 Week    : #08
 Time    : 2026-02-21 18:31:36 UTC
 Hash    : c65091319e61f750b6c6a2462a3ca2f9c255e50ecf205caf4ed7eaaab8dea468
 Signature: imedkablavi
████████████████████████████████████

████████████████████████████████████
█   SMART ACTIVITY SYSTEM v1.1     █
████████████████████████████████████
 Project : dailyTasks
 Status  : Stabilization & Cleanup
 Tag     : #cleanup
 Commits : 382
 Run     : #315
 Day     : Saturday
 Week    : #08
 Time    : 2026-02-21 22:20:07 UTC
 Hash    : 3cb23ee8e0fb463be49b9033a6ed1a7e478e2c0f8bdf4f3ee9e2c4b413ed6b8a
 Signature: imedkablavi
████████████████████████████████████

████████████████████████████████████
█   SMART ACTIVITY SYSTEM v1.1     █
████████████████████████████████████
 Project : dailyTasks
 Status  : Stabilization & Cleanup
 Tag     : #cleanup
 Commits : 383
 Run     : #316
 Day     : Sunday
 Week    : #08
 Time    : 2026-02-22 04:15:11 UTC
 Summary : Weekly commits: 42
 Hash    : 12f266917cf279ef18e360e101493ec3d5c3fc0695a9ba29abe753257fce24fb
 Signature: imedkablavi
████████████████████████████████████
