
████████████████████████████████████
█   SMART ACTIVITY SYSTEM v1.0     █
████████████████████████████████████
 Project : dailyTasks
 Status  : Active Development
 Tag     : #dev
 Commits : 60
 Run     : #1
 Day     : Thursday
 Week    : #52
 Time    : Thu Dec 25 13:38:38 UTC 2025
 Hash    : 3a9b93f8c4dd3aded195ce82c8195444524ac1cfe8f1bc81ab2a45cd67f508b0
 Signature: imedkablavi
████████████████████████████████████

████████████████████████████████████
█   SMART ACTIVITY SYSTEM v1.0     █
████████████████████████████████████
 Project : dailyTasks
 Status  : Active Development
 Tag     : #dev
 Commits : 61
 Run     : #2
 Day     : Thursday
 Week    : #52
 Time    : Thu Dec 25 18:16:40 UTC 2025
 Hash    : 071067b0cee4bc8f1287a67133fd924c93eb2aed3f7217d029cf28cfc870d5d0
 Signature: imedkablavi
████████████████████████████████████
