
████████████████████████████████████
█   SMART ACTIVITY SYSTEM v1.1     █
████████████████████████████████████
 Project : dailyTasks
 Status  : Stabilization & Cleanup
 Tag     : #cleanup
 Commits : 641
 Run     : #574
 Day     : Monday
 Week    : #15
 Time    : 2026-04-06 04:42:33 UTC
 Hash    : 1e1b92ff117970bbd5a879530efdf728a58b02e10e97044da7bfab0090a8906a
 Signature: imedkablavi
████████████████████████████████████

████████████████████████████████████
█   SMART ACTIVITY SYSTEM v1.1     █
████████████████████████████████████
 Project : dailyTasks
 Status  : Stabilization & Cleanup
 Tag     : #cleanup
 Commits : 642
 Run     : #575
 Day     : Monday
 Week    : #15
 Time    : 2026-04-06 07:25:53 UTC
 Hash    : 8793403465f046c86ed1bb02f49f3d1e3002ea97aaa89cbb7f66381ca4d6311d
 Signature: imedkablavi
████████████████████████████████████
