
████████████████████████████████████
█   SMART ACTIVITY SYSTEM v1.1     █
████████████████████████████████████
 Project : dailyTasks
 Status  : Stabilization & Cleanup
 Tag     : #cleanup
 Commits : 473
 Run     : #406
 Day     : Monday
 Week    : #11
 Time    : 2026-03-09 04:15:31 UTC
 Hash    : aea41dddd8a2f7278bb59075af12fb488ff0349f88f8e15a589b8637506f2225
 Signature: imedkablavi
████████████████████████████████████

████████████████████████████████████
█   SMART ACTIVITY SYSTEM v1.1     █
████████████████████████████████████
 Project : dailyTasks
 Status  : Stabilization & Cleanup
 Tag     : #cleanup
 Commits : 474
 Run     : #407
 Day     : Monday
 Week    : #11
 Time    : 2026-03-09 06:58:34 UTC
 Hash    : 361a0ffc2a2ca0bfe8c9351319180a0f16d7a1f9c043adecfdf65e62c1dcdec2
 Signature: imedkablavi
████████████████████████████████████

████████████████████████████████████
█   SMART ACTIVITY SYSTEM v1.1     █
████████████████████████████████████
 Project : dailyTasks
 Status  : Stabilization & Cleanup
 Tag     : #cleanup
 Commits : 475
 Run     : #408
 Day     : Monday
 Week    : #11
 Time    : 2026-03-09 10:42:16 UTC
 Hash    : 2063a0a9ed3b183ae95ab5fb8a9bccc99de4302bf2456f15f4ab45df42978f5d
 Signature: imedkablavi
████████████████████████████████████
