
████████████████████████████████████
█   SMART ACTIVITY SYSTEM v1.1     █
████████████████████████████████████
 Project : dailyTasks
 Status  : Stabilization & Cleanup
 Tag     : #cleanup
 Commits : 431
 Run     : #364
 Day     : Monday
 Week    : #10
 Time    : 2026-03-02 04:12:07 UTC
 Hash    : 4be31a3fd1010713efcb5fda061ea296f17bdbe26f937186742472d6d5b97c91
 Signature: imedkablavi
████████████████████████████████████

████████████████████████████████████
█   SMART ACTIVITY SYSTEM v1.1     █
████████████████████████████████████
 Project : dailyTasks
 Status  : Stabilization & Cleanup
 Tag     : #cleanup
 Commits : 432
 Run     : #365
 Day     : Monday
 Week    : #10
 Time    : 2026-03-02 06:54:27 UTC
 Hash    : 6cf9e194b7176b5f4cfdd78411b587122eadc4b3d5ccdaee6827738ce0ba0bfa
 Signature: imedkablavi
████████████████████████████████████
