
████████████████████████████████████
█   SMART ACTIVITY SYSTEM v1.1     █
████████████████████████████████████
 Project : dailyTasks
 Status  : Stabilization & Cleanup
 Tag     : #cleanup
 Commits : 557
 Run     : #490
 Day     : Monday
 Week    : #13
 Time    : 2026-03-23 04:26:48 UTC
 Hash    : 89f5820f56b379cf0375175340bd3935766c33576d066f960b6f7a409788d1e7
 Signature: imedkablavi
████████████████████████████████████

████████████████████████████████████
█   SMART ACTIVITY SYSTEM v1.1     █
████████████████████████████████████
 Project : dailyTasks
 Status  : Stabilization & Cleanup
 Tag     : #cleanup
 Commits : 558
 Run     : #491
 Day     : Monday
 Week    : #13
 Time    : 2026-03-23 07:05:55 UTC
 Hash    : 7c5e389e26e0ee6ae008288f4b9e8a5735e0043d9f2cc0721d627292efdb93e5
 Signature: imedkablavi
████████████████████████████████████

████████████████████████████████████
█   SMART ACTIVITY SYSTEM v1.1     █
████████████████████████████████████
 Project : dailyTasks
 Status  : Stabilization & Cleanup
 Tag     : #cleanup
 Commits : 559
 Run     : #492
 Day     : Monday
 Week    : #13
 Time    : 2026-03-23 10:50:37 UTC
 Hash    : c5d8f0051a5850bcd05d2efc8c22cdc3defc4efacd8c8c6f46b34c00150854d6
 Signature: imedkablavi
████████████████████████████████████

████████████████████████████████████
█   SMART ACTIVITY SYSTEM v1.1     █
████████████████████████████████████
 Project : dailyTasks
 Status  : Stabilization & Cleanup
 Tag     : #cleanup
 Commits : 560
 Run     : #493
 Day     : Monday
 Week    : #13
 Time    : 2026-03-23 14:52:01 UTC
 Hash    : 17577969fe523a105346cdf178ea3d2b6b0e0ad6e06f7561462a3a317d685b41
 Signature: imedkablavi
████████████████████████████████████

████████████████████████████████████
█   SMART ACTIVITY SYSTEM v1.1     █
████████████████████████████████████
 Project : dailyTasks
 Status  : Stabilization & Cleanup
 Tag     : #cleanup
 Commits : 561
 Run     : #494
 Day     : Monday
 Week    : #13
 Time    : 2026-03-23 18:51:28 UTC
 Hash    : c3594292fbf4a28d55d6ca0e8466f7ae0a090e4e32ca55ac9000535cf36053be
 Signature: imedkablavi
████████████████████████████████████

████████████████████████████████████
█   SMART ACTIVITY SYSTEM v1.1     █
████████████████████████████████████
 Project : dailyTasks
 Status  : Stabilization & Cleanup
 Tag     : #cleanup
 Commits : 562
 Run     : #495
 Day     : Monday
 Week    : #13
 Time    : 2026-03-23 22:29:35 UTC
 Hash    : fe8b2361b6bc0aae70eb59a5415ba04bce074b823774b8d39dc3f24d1c588e98
 Signature: imedkablavi
████████████████████████████████████

████████████████████████████████████
█   SMART ACTIVITY SYSTEM v1.1     █
████████████████████████████████████
 Project : dailyTasks
 Status  : Stabilization & Cleanup
 Tag     : #cleanup
 Commits : 563
 Run     : #496
 Day     : Tuesday
 Week    : #13
 Time    : 2026-03-24 04:17:04 UTC
 Hash    : f38768138dbe7e4e484a043dce021fb3dd61b1d2c0d0d30df5b5bb96ad19c5e1
 Signature: imedkablavi
████████████████████████████████████

████████████████████████████████████
█   SMART ACTIVITY SYSTEM v1.1     █
████████████████████████████████████
 Project : dailyTasks
 Status  : Stabilization & Cleanup
 Tag     : #cleanup
 Commits : 564
 Run     : #497
 Day     : Tuesday
 Week    : #13
 Time    : 2026-03-24 07:00:42 UTC
 Hash    : c8673238e968932fe4f43dff57e4c8fda33df00124f52691fa88876e77c114c4
 Signature: imedkablavi
████████████████████████████████████

████████████████████████████████████
█   SMART ACTIVITY SYSTEM v1.1     █
████████████████████████████████████
 Project : dailyTasks
 Status  : Stabilization & Cleanup
 Tag     : #cleanup
 Commits : 565
 Run     : #498
 Day     : Tuesday
 Week    : #13
 Time    : 2026-03-24 10:50:05 UTC
 Hash    : 158d4262eba386d84d86f5096dfd390aa09e59cce93eec7ab1840fa45ecd3cd9
 Signature: imedkablavi
████████████████████████████████████

████████████████████████████████████
█   SMART ACTIVITY SYSTEM v1.1     █
████████████████████████████████████
 Project : dailyTasks
 Status  : Stabilization & Cleanup
 Tag     : #cleanup
 Commits : 566
 Run     : #499
 Day     : Tuesday
 Week    : #13
 Time    : 2026-03-24 14:55:15 UTC
 Hash    : c0f20c1cedf9307387dd4c59f0464ad8c16ad7283d7500550f2c79d84c8f188f
 Signature: imedkablavi
████████████████████████████████████

████████████████████████████████████
█   SMART ACTIVITY SYSTEM v1.1     █
████████████████████████████████████
 Project : dailyTasks
 Status  : Stabilization & Cleanup
 Tag     : #cleanup
 Commits : 567
 Run     : #500
 Day     : Tuesday
 Week    : #13
 Time    : 2026-03-24 18:59:29 UTC
 Hash    : caeee1364b0520f7b754ba1fee75e21f46a018dd68e1d110e466c19459bc1de1
 Signature: imedkablavi
████████████████████████████████████

████████████████████████████████████
█   SMART ACTIVITY SYSTEM v1.1     █
████████████████████████████████████
 Project : dailyTasks
 Status  : Stabilization & Cleanup
 Tag     : #cleanup
 Commits : 568
 Run     : #501
 Day     : Tuesday
 Week    : #13
 Time    : 2026-03-24 22:28:20 UTC
 Hash    : d5460f49e73d4f705016e55d8f506374bfd5100911c0c0f669d54faffb40a98d
 Signature: imedkablavi
████████████████████████████████████

████████████████████████████████████
█   SMART ACTIVITY SYSTEM v1.1     █
████████████████████████████████████
 Project : dailyTasks
 Status  : Stabilization & Cleanup
 Tag     : #cleanup
 Commits : 569
 Run     : #502
 Day     : Wednesday
 Week    : #13
 Time    : 2026-03-25 04:19:30 UTC
 Hash    : bffe08047c1d9601749ced6f4d53a25276e5a4e6ec8e9210aa8deae0a8acfeb1
 Signature: imedkablavi
████████████████████████████████████

████████████████████████████████████
█   SMART ACTIVITY SYSTEM v1.1     █
████████████████████████████████████
 Project : dailyTasks
 Status  : Stabilization & Cleanup
 Tag     : #cleanup
 Commits : 570
 Run     : #503
 Day     : Wednesday
 Week    : #13
 Time    : 2026-03-25 06:59:17 UTC
 Hash    : 5a999e5433b1700bc3ba3819563dd75cf16585554667a6bd64155aa17f21cd0d
 Signature: imedkablavi
████████████████████████████████████

████████████████████████████████████
█   SMART ACTIVITY SYSTEM v1.1     █
████████████████████████████████████
 Project : dailyTasks
 Status  : Stabilization & Cleanup
 Tag     : #cleanup
 Commits : 571
 Run     : #504
 Day     : Wednesday
 Week    : #13
 Time    : 2026-03-25 10:45:55 UTC
 Hash    : bbe41f7d97ad2e3aec60f8c55f6466134c2a2fb6887ef7acb93ae293728727af
 Signature: imedkablavi
████████████████████████████████████

████████████████████████████████████
█   SMART ACTIVITY SYSTEM v1.1     █
████████████████████████████████████
 Project : dailyTasks
 Status  : Stabilization & Cleanup
 Tag     : #cleanup
 Commits : 572
 Run     : #505
 Day     : Wednesday
 Week    : #13
 Time    : 2026-03-25 14:56:08 UTC
 Hash    : f89056ddb0c7495cf4383084bebf347cb8fcc8f680def3345385e698433de582
 Signature: imedkablavi
████████████████████████████████████

████████████████████████████████████
█   SMART ACTIVITY SYSTEM v1.1     █
████████████████████████████████████
 Project : dailyTasks
 Status  : Stabilization & Cleanup
 Tag     : #cleanup
 Commits : 573
 Run     : #506
 Day     : Wednesday
 Week    : #13
 Time    : 2026-03-25 18:52:47 UTC
 Hash    : e94cc15f8df7d8dd50498df26b9faa04044e172db0ea720ed763db2443e12b71
 Signature: imedkablavi
████████████████████████████████████

████████████████████████████████████
█   SMART ACTIVITY SYSTEM v1.1     █
████████████████████████████████████
 Project : dailyTasks
 Status  : Stabilization & Cleanup
 Tag     : #cleanup
 Commits : 574
 Run     : #507
 Day     : Wednesday
 Week    : #13
 Time    : 2026-03-25 22:33:03 UTC
 Hash    : e2dae9233f2f5ad50bdcd9b491503034cca38e869d078ac84e20f5a602438bc0
 Signature: imedkablavi
████████████████████████████████████

████████████████████████████████████
█   SMART ACTIVITY SYSTEM v1.1     █
████████████████████████████████████
 Project : dailyTasks
 Status  : Stabilization & Cleanup
 Tag     : #cleanup
 Commits : 575
 Run     : #508
 Day     : Thursday
 Week    : #13
 Time    : 2026-03-26 04:30:52 UTC
 Hash    : 313f3a4ba506e2121ce47eb5f7ee2b15c5e970be0d30f39b8e6f9c801edea855
 Signature: imedkablavi
████████████████████████████████████

████████████████████████████████████
█   SMART ACTIVITY SYSTEM v1.1     █
████████████████████████████████████
 Project : dailyTasks
 Status  : Stabilization & Cleanup
 Tag     : #cleanup
 Commits : 576
 Run     : #509
 Day     : Thursday
 Week    : #13
 Time    : 2026-03-26 07:04:44 UTC
 Hash    : 437ccde28fc78bf607009da91f7d4eeed94dfc8c462e77569fd895a79e77d063
 Signature: imedkablavi
████████████████████████████████████

████████████████████████████████████
█   SMART ACTIVITY SYSTEM v1.1     █
████████████████████████████████████
 Project : dailyTasks
 Status  : Stabilization & Cleanup
 Tag     : #cleanup
 Commits : 577
 Run     : #510
 Day     : Thursday
 Week    : #13
 Time    : 2026-03-26 10:50:39 UTC
 Hash    : b6423742da505234f084c747e1a8df8839a145773ae5518c1ff4e5629dc96940
 Signature: imedkablavi
████████████████████████████████████

████████████████████████████████████
█   SMART ACTIVITY SYSTEM v1.1     █
████████████████████████████████████
 Project : dailyTasks
 Status  : Stabilization & Cleanup
 Tag     : #cleanup
 Commits : 578
 Run     : #511
 Day     : Thursday
 Week    : #13
 Time    : 2026-03-26 15:01:08 UTC
 Hash    : 9e936ae3d33cf1d26c911bf0dbc2d4232721be2218b173ac76d0d52565ca4736
 Signature: imedkablavi
████████████████████████████████████

████████████████████████████████████
█   SMART ACTIVITY SYSTEM v1.1     █
████████████████████████████████████
 Project : dailyTasks
 Status  : Stabilization & Cleanup
 Tag     : #cleanup
 Commits : 579
 Run     : #512
 Day     : Thursday
 Week    : #13
 Time    : 2026-03-26 19:01:52 UTC
 Hash    : 0c18dae0640f81d0546fa9a908d545ed32915c516b658e9439064edf26003c01
 Signature: imedkablavi
████████████████████████████████████

████████████████████████████████████
█   SMART ACTIVITY SYSTEM v1.1     █
████████████████████████████████████
 Project : dailyTasks
 Status  : Stabilization & Cleanup
 Tag     : #cleanup
 Commits : 580
 Run     : #513
 Day     : Thursday
 Week    : #13
 Time    : 2026-03-26 22:26:48 UTC
 Hash    : 8d56609dd39538c3d82908c47c26b8a6975526accb8efc433440bfc2fc39c178
 Signature: imedkablavi
████████████████████████████████████

████████████████████████████████████
█   SMART ACTIVITY SYSTEM v1.1     █
████████████████████████████████████
 Project : dailyTasks
 Status  : Stabilization & Cleanup
 Tag     : #cleanup
 Commits : 581
 Run     : #514
 Day     : Friday
 Week    : #13
 Time    : 2026-03-27 04:32:08 UTC
 Hash    : 1ce55d928cccdae1336500c4a0ec4bf664fb5017e8e9a29426f91beac1496c85
 Signature: imedkablavi
████████████████████████████████████

████████████████████████████████████
█   SMART ACTIVITY SYSTEM v1.1     █
████████████████████████████████████
 Project : dailyTasks
 Status  : Stabilization & Cleanup
 Tag     : #cleanup
 Commits : 582
 Run     : #515
 Day     : Friday
 Week    : #13
 Time    : 2026-03-27 07:03:32 UTC
 Hash    : a37d593b5cc6919c3ea18813cf61ebbe18f863b7e515166c48ad711a5da7bb3d
 Signature: imedkablavi
████████████████████████████████████

████████████████████████████████████
█   SMART ACTIVITY SYSTEM v1.1     █
████████████████████████████████████
 Project : dailyTasks
 Status  : Stabilization & Cleanup
 Tag     : #cleanup
 Commits : 583
 Run     : #516
 Day     : Friday
 Week    : #13
 Time    : 2026-03-27 10:44:30 UTC
 Hash    : 2a87aa843228a2e8671a87410abe6970c5212b7af85dcb40659d136f0b730116
 Signature: imedkablavi
████████████████████████████████████

████████████████████████████████████
█   SMART ACTIVITY SYSTEM v1.1     █
████████████████████████████████████
 Project : dailyTasks
 Status  : Stabilization & Cleanup
 Tag     : #cleanup
 Commits : 584
 Run     : #517
 Day     : Friday
 Week    : #13
 Time    : 2026-03-27 14:46:53 UTC
 Hash    : 04a852801ce5d84d8ee5363332f26968fadc4606c23df5b2429e2a85a49758a9
 Signature: imedkablavi
████████████████████████████████████

████████████████████████████████████
█   SMART ACTIVITY SYSTEM v1.1     █
████████████████████████████████████
 Project : dailyTasks
 Status  : Stabilization & Cleanup
 Tag     : #cleanup
 Commits : 585
 Run     : #518
 Day     : Friday
 Week    : #13
 Time    : 2026-03-27 18:52:34 UTC
 Hash    : cd68482354b87f7130b5ccf3416fa819828552a33a1856777b1f66d530a35ccd
 Signature: imedkablavi
████████████████████████████████████

████████████████████████████████████
█   SMART ACTIVITY SYSTEM v1.1     █
████████████████████████████████████
 Project : dailyTasks
 Status  : Stabilization & Cleanup
 Tag     : #cleanup
 Commits : 586
 Run     : #519
 Day     : Friday
 Week    : #13
 Time    : 2026-03-27 22:29:20 UTC
 Hash    : 4e422599ad2752c82c5b18c7fb85ceb84eccdbbc37ae077264a42c25ae937557
 Signature: imedkablavi
████████████████████████████████████

████████████████████████████████████
█   SMART ACTIVITY SYSTEM v1.1     █
████████████████████████████████████
 Project : dailyTasks
 Status  : Stabilization & Cleanup
 Tag     : #cleanup
 Commits : 587
 Run     : #520
 Day     : Saturday
 Week    : #13
 Time    : 2026-03-28 04:19:23 UTC
 Hash    : a301b20094bf8d1752c0eace11e96e048a3692f486ed6628530ffeec97072b53
 Signature: imedkablavi
████████████████████████████████████

████████████████████████████████████
█   SMART ACTIVITY SYSTEM v1.1     █
████████████████████████████████████
 Project : dailyTasks
 Status  : Stabilization & Cleanup
 Tag     : #cleanup
 Commits : 588
 Run     : #521
 Day     : Saturday
 Week    : #13
 Time    : 2026-03-28 06:55:44 UTC
 Hash    : 90658561f305ad5afd9ab300578456193c23daef270d91a6a3a31a6d89a096b4
 Signature: imedkablavi
████████████████████████████████████

████████████████████████████████████
█   SMART ACTIVITY SYSTEM v1.1     █
████████████████████████████████████
 Project : dailyTasks
 Status  : Stabilization & Cleanup
 Tag     : #cleanup
 Commits : 589
 Run     : #522
 Day     : Saturday
 Week    : #13
 Time    : 2026-03-28 10:29:09 UTC
 Hash    : 726b93c5342f9ad582da95270458deea06a385d61ea0bdc26ff84ee74ebd95b1
 Signature: imedkablavi
████████████████████████████████████

████████████████████████████████████
█   SMART ACTIVITY SYSTEM v1.1     █
████████████████████████████████████
 Project : dailyTasks
 Status  : Stabilization & Cleanup
 Tag     : #cleanup
 Commits : 590
 Run     : #523
 Day     : Saturday
 Week    : #13
 Time    : 2026-03-28 14:29:31 UTC
 Hash    : e401f6d430eb4b1215fff11df1cb109e1c92a9f6f23fd9c73871c0b7f7c2849b
 Signature: imedkablavi
████████████████████████████████████

████████████████████████████████████
█   SMART ACTIVITY SYSTEM v1.1     █
████████████████████████████████████
 Project : dailyTasks
 Status  : Stabilization & Cleanup
 Tag     : #cleanup
 Commits : 591
 Run     : #524
 Day     : Saturday
 Week    : #13
 Time    : 2026-03-28 18:37:02 UTC
 Hash    : 306b9a8d0afaae9ef098fdaabdbe26ccb6ab56bb1958d447790279b18cb78e17
 Signature: imedkablavi
████████████████████████████████████

████████████████████████████████████
█   SMART ACTIVITY SYSTEM v1.1     █
████████████████████████████████████
 Project : dailyTasks
 Status  : Stabilization & Cleanup
 Tag     : #cleanup
 Commits : 592
 Run     : #525
 Day     : Saturday
 Week    : #13
 Time    : 2026-03-28 22:26:31 UTC
 Hash    : 9a73fdb12a31893990ab8a08869657ae68d2b348ff236cf6d185a0bebbcc1bbf
 Signature: imedkablavi
████████████████████████████████████

████████████████████████████████████
█   SMART ACTIVITY SYSTEM v1.1     █
████████████████████████████████████
 Project : dailyTasks
 Status  : Stabilization & Cleanup
 Tag     : #cleanup
 Commits : 593
 Run     : #526
 Day     : Sunday
 Week    : #13
 Time    : 2026-03-29 04:35:32 UTC
 Summary : Weekly commits: 41
 Hash    : 4299fd6ad1a861bad8b74d800230333a9f7a59ffacd31b9b4aad1de424e2a524
 Signature: imedkablavi
████████████████████████████████████

████████████████████████████████████
█   SMART ACTIVITY SYSTEM v1.1     █
████████████████████████████████████
 Project : dailyTasks
 Status  : Stabilization & Cleanup
 Tag     : #cleanup
 Commits : 594
 Run     : #527
 Day     : Sunday
 Week    : #13
 Time    : 2026-03-29 06:59:41 UTC
 Summary : Weekly commits: 41
 Hash    : fdc6f7089dc12152d37c42eea4dad8682be51c1b68a806210034ad0103005ca5
 Signature: imedkablavi
████████████████████████████████████

████████████████████████████████████
█   SMART ACTIVITY SYSTEM v1.1     █
████████████████████████████████████
 Project : dailyTasks
 Status  : Stabilization & Cleanup
 Tag     : #cleanup
 Commits : 595
 Run     : #528
 Day     : Sunday
 Week    : #13
 Time    : 2026-03-29 10:30:08 UTC
 Summary : Weekly commits: 41
 Hash    : 4859a8c5ef6bbb3d865c997dcbc64817dd8077735ab05d14fe8535e163b7f9a7
 Signature: imedkablavi
████████████████████████████████████

████████████████████████████████████
█   SMART ACTIVITY SYSTEM v1.1     █
████████████████████████████████████
 Project : dailyTasks
 Status  : Stabilization & Cleanup
 Tag     : #cleanup
 Commits : 596
 Run     : #529
 Day     : Sunday
 Week    : #13
 Time    : 2026-03-29 14:31:39 UTC
 Summary : Weekly commits: 41
 Hash    : d9ba01b9f4859a0674c69167955130e00640b52327e4ee63adc0b457e2067934
 Signature: imedkablavi
████████████████████████████████████

████████████████████████████████████
█   SMART ACTIVITY SYSTEM v1.1     █
████████████████████████████████████
 Project : dailyTasks
 Status  : Stabilization & Cleanup
 Tag     : #cleanup
 Commits : 597
 Run     : #530
 Day     : Sunday
 Week    : #13
 Time    : 2026-03-29 18:38:38 UTC
 Summary : Weekly commits: 41
 Hash    : 8c113e7ebda57e3424397f3844e7ebbc6ffbcd1798196ecf358ca54daef46a66
 Signature: imedkablavi
████████████████████████████████████
