
████████████████████████████████████
█   SMART ACTIVITY SYSTEM v1.1     █
████████████████████████████████████
 Project : dailyTasks
 Status  : Stabilization & Cleanup
 Tag     : #cleanup
 Commits : 389
 Run     : #322
 Day     : Monday
 Week    : #09
 Time    : 2026-02-23 04:23:11 UTC
 Hash    : eddfd780c6c7d1d83be4eef89b1077edcf26192b4361f8aa435afad6d1639935
 Signature: imedkablavi
████████████████████████████████████

████████████████████████████████████
█   SMART ACTIVITY SYSTEM v1.1     █
████████████████████████████████████
 Project : dailyTasks
 Status  : Stabilization & Cleanup
 Tag     : #cleanup
 Commits : 390
 Run     : #323
 Day     : Monday
 Week    : #09
 Time    : 2026-02-23 07:00:58 UTC
 Hash    : b5caf4326e4832fac2a2c7b3fe2887a2217af8e1dc31403abc1015e6e99e638a
 Signature: imedkablavi
████████████████████████████████████
