
████████████████████████████████████
█   SMART ACTIVITY SYSTEM v1.1     █
████████████████████████████████████
 Project : dailyTasks
 Status  : Stabilization & Cleanup
 Tag     : #cleanup
 Commits : 223
 Run     : #156
 Day     : Monday
 Week    : #05
 Time    : 2026-01-26 03:54:47 UTC
 Hash    : 22b841cf9b0fe204e2bb84cbd909c668a99f988f6d40f653d6b487e453bf6b83
 Signature: imedkablavi
████████████████████████████████████

████████████████████████████████████
█   SMART ACTIVITY SYSTEM v1.1     █
████████████████████████████████████
 Project : dailyTasks
 Status  : Stabilization & Cleanup
 Tag     : #cleanup
 Commits : 224
 Run     : #157
 Day     : Monday
 Week    : #05
 Time    : 2026-01-26 06:33:38 UTC
 Hash    : 4b47a0c8580fdd79c786e90833985719085204b0288b97e75f96f64eed8f4cd3
 Signature: imedkablavi
████████████████████████████████████

████████████████████████████████████
█   SMART ACTIVITY SYSTEM v1.1     █
████████████████████████████████████
 Project : dailyTasks
 Status  : Stabilization & Cleanup
 Tag     : #cleanup
 Commits : 225
 Run     : #158
 Day     : Monday
 Week    : #05
 Time    : 2026-01-26 10:23:57 UTC
 Hash    : 2b50bc580836371c3906f42f6486d9b3b92d08d0da6a37f5ec4dfed8ecd013e2
 Signature: imedkablavi
████████████████████████████████████

████████████████████████████████████
█   SMART ACTIVITY SYSTEM v1.1     █
████████████████████████████████████
 Project : dailyTasks
 Status  : Stabilization & Cleanup
 Tag     : #cleanup
 Commits : 226
 Run     : #159
 Day     : Monday
 Week    : #05
 Time    : 2026-01-26 14:26:24 UTC
 Hash    : 2369df8e40759a074c6f16d830a46188dd832aeb340191a491e846f1acc58477
 Signature: imedkablavi
████████████████████████████████████

████████████████████████████████████
█   SMART ACTIVITY SYSTEM v1.1     █
████████████████████████████████████
 Project : dailyTasks
 Status  : Stabilization & Cleanup
 Tag     : #cleanup
 Commits : 227
 Run     : #160
 Day     : Monday
 Week    : #05
 Time    : 2026-01-26 18:31:50 UTC
 Hash    : 23fc2ff9f0d660f17217714846c63d33e0b3dcdea6869ef92847e95ff152efaa
 Signature: imedkablavi
████████████████████████████████████

████████████████████████████████████
█   SMART ACTIVITY SYSTEM v1.1     █
████████████████████████████████████
 Project : dailyTasks
 Status  : Stabilization & Cleanup
 Tag     : #cleanup
 Commits : 228
 Run     : #161
 Day     : Monday
 Week    : #05
 Time    : 2026-01-26 22:19:35 UTC
 Hash    : c821f90c62f8237f334406263450ee76fa110041f66b5c4000c36f622349f3e5
 Signature: imedkablavi
████████████████████████████████████

████████████████████████████████████
█   SMART ACTIVITY SYSTEM v1.1     █
████████████████████████████████████
 Project : dailyTasks
 Status  : Stabilization & Cleanup
 Tag     : #cleanup
 Commits : 229
 Run     : #162
 Day     : Tuesday
 Week    : #05
 Time    : 2026-01-27 03:45:25 UTC
 Hash    : 2d0afafc64ab1d0517b09cf27369272444ec5d5a5e132f36599d4bf6b0178a54
 Signature: imedkablavi
████████████████████████████████████

████████████████████████████████████
█   SMART ACTIVITY SYSTEM v1.1     █
████████████████████████████████████
 Project : dailyTasks
 Status  : Stabilization & Cleanup
 Tag     : #cleanup
 Commits : 230
 Run     : #163
 Day     : Tuesday
 Week    : #05
 Time    : 2026-01-27 06:31:42 UTC
 Hash    : 48ec60fdc30e1b234cdfef10e84ef264a3b949cba3ff99c404d7388e773f2fd1
 Signature: imedkablavi
████████████████████████████████████

████████████████████████████████████
█   SMART ACTIVITY SYSTEM v1.1     █
████████████████████████████████████
 Project : dailyTasks
 Status  : Stabilization & Cleanup
 Tag     : #cleanup
 Commits : 231
 Run     : #164
 Day     : Tuesday
 Week    : #05
 Time    : 2026-01-27 10:25:01 UTC
 Hash    : d6147e3503bc7faa4ed361bf542421b7aa5307f714121ba4c3b6e96667ef423e
 Signature: imedkablavi
████████████████████████████████████

████████████████████████████████████
█   SMART ACTIVITY SYSTEM v1.1     █
████████████████████████████████████
 Project : dailyTasks
 Status  : Stabilization & Cleanup
 Tag     : #cleanup
 Commits : 232
 Run     : #165
 Day     : Tuesday
 Week    : #05
 Time    : 2026-01-27 14:27:11 UTC
 Hash    : 76c7ca10a259c4be23e4ff577d71dc59ba73b64a24e0c3e34742563ffb03c303
 Signature: imedkablavi
████████████████████████████████████

████████████████████████████████████
█   SMART ACTIVITY SYSTEM v1.1     █
████████████████████████████████████
 Project : dailyTasks
 Status  : Stabilization & Cleanup
 Tag     : #cleanup
 Commits : 233
 Run     : #166
 Day     : Tuesday
 Week    : #05
 Time    : 2026-01-27 18:35:10 UTC
 Hash    : 2d6e37424bbf43cdb4064e21babae10e9448f0733c413aade91c8b5a226d506b
 Signature: imedkablavi
████████████████████████████████████

████████████████████████████████████
█   SMART ACTIVITY SYSTEM v1.1     █
████████████████████████████████████
 Project : dailyTasks
 Status  : Stabilization & Cleanup
 Tag     : #cleanup
 Commits : 234
 Run     : #167
 Day     : Tuesday
 Week    : #05
 Time    : 2026-01-27 22:20:35 UTC
 Hash    : 79257acab7994780ee8fc3c9760b4dbae84f8bdd88a695f37b8690cd1b5764db
 Signature: imedkablavi
████████████████████████████████████

████████████████████████████████████
█   SMART ACTIVITY SYSTEM v1.1     █
████████████████████████████████████
 Project : dailyTasks
 Status  : Stabilization & Cleanup
 Tag     : #cleanup
 Commits : 235
 Run     : #168
 Day     : Wednesday
 Week    : #05
 Time    : 2026-01-28 03:42:52 UTC
 Hash    : 25bfd9062e75c15abaeda875edf8d00f45b4f60e99f8768a3d8b90aeaadf454a
 Signature: imedkablavi
████████████████████████████████████

████████████████████████████████████
█   SMART ACTIVITY SYSTEM v1.1     █
████████████████████████████████████
 Project : dailyTasks
 Status  : Stabilization & Cleanup
 Tag     : #cleanup
 Commits : 236
 Run     : #169
 Day     : Wednesday
 Week    : #05
 Time    : 2026-01-28 06:32:49 UTC
 Hash    : bdcf4ef46914b8b12f2f30234f7c4292739e499900fe2bce92441cf18f1b451d
 Signature: imedkablavi
████████████████████████████████████

████████████████████████████████████
█   SMART ACTIVITY SYSTEM v1.1     █
████████████████████████████████████
 Project : dailyTasks
 Status  : Stabilization & Cleanup
 Tag     : #cleanup
 Commits : 237
 Run     : #170
 Day     : Wednesday
 Week    : #05
 Time    : 2026-01-28 10:25:41 UTC
 Hash    : 95d0ec103c554957c6131cc68542e6cc48ff94423e537a95351938e5e41d40bc
 Signature: imedkablavi
████████████████████████████████████

████████████████████████████████████
█   SMART ACTIVITY SYSTEM v1.1     █
████████████████████████████████████
 Project : dailyTasks
 Status  : Stabilization & Cleanup
 Tag     : #cleanup
 Commits : 238
 Run     : #171
 Day     : Wednesday
 Week    : #05
 Time    : 2026-01-28 14:27:24 UTC
 Hash    : d9d129dc82301e10553207c2533ea17c719303d9d66979f8730e213a9d68c11e
 Signature: imedkablavi
████████████████████████████████████

████████████████████████████████████
█   SMART ACTIVITY SYSTEM v1.1     █
████████████████████████████████████
 Project : dailyTasks
 Status  : Stabilization & Cleanup
 Tag     : #cleanup
 Commits : 239
 Run     : #172
 Day     : Wednesday
 Week    : #05
 Time    : 2026-01-28 18:34:28 UTC
 Hash    : 6d8199d0712ac41c95705b614603eca9f02b8fcc5c52ec28cae4b8161c6bb2d7
 Signature: imedkablavi
████████████████████████████████████

████████████████████████████████████
█   SMART ACTIVITY SYSTEM v1.1     █
████████████████████████████████████
 Project : dailyTasks
 Status  : Stabilization & Cleanup
 Tag     : #cleanup
 Commits : 240
 Run     : #173
 Day     : Wednesday
 Week    : #05
 Time    : 2026-01-28 22:24:04 UTC
 Hash    : b218dbe46b3a23960faf194d8471906c94bcffa1633386e4a308b34e291832df
 Signature: imedkablavi
████████████████████████████████████

████████████████████████████████████
█   SMART ACTIVITY SYSTEM v1.1     █
████████████████████████████████████
 Project : dailyTasks
 Status  : Stabilization & Cleanup
 Tag     : #cleanup
 Commits : 241
 Run     : #174
 Day     : Thursday
 Week    : #05
 Time    : 2026-01-29 04:05:49 UTC
 Hash    : 5a1886e9b34f75059c36f1358e4e164491e006bc2094d24ca62d6791c38f638b
 Signature: imedkablavi
████████████████████████████████████

████████████████████████████████████
█   SMART ACTIVITY SYSTEM v1.1     █
████████████████████████████████████
 Project : dailyTasks
 Status  : Stabilization & Cleanup
 Tag     : #cleanup
 Commits : 242
 Run     : #175
 Day     : Thursday
 Week    : #05
 Time    : 2026-01-29 06:43:02 UTC
 Hash    : abd7ae39f4fd615d46c1a19f565251ec2b25bf89854abbe4efa706199c633c7f
 Signature: imedkablavi
████████████████████████████████████
