
████████████████████████████████████
█   SMART ACTIVITY SYSTEM v1.1     █
████████████████████████████████████
 Project : dailyTasks
 Status  : Stabilization & Cleanup
 Tag     : #cleanup
 Commits : 599
 Run     : #532
 Day     : Monday
 Week    : #14
 Time    : 2026-03-30 04:43:22 UTC
 Hash    : d6a8f73d3cec10fc3e9f02bd1fea4d38265b72547f5959ef9f920c3fc533bd31
 Signature: imedkablavi
████████████████████████████████████

████████████████████████████████████
█   SMART ACTIVITY SYSTEM v1.1     █
████████████████████████████████████
 Project : dailyTasks
 Status  : Stabilization & Cleanup
 Tag     : #cleanup
 Commits : 600
 Run     : #533
 Day     : Monday
 Week    : #14
 Time    : 2026-03-30 07:23:49 UTC
 Hash    : 5064f1af3f72c6417b1935faec4dec8cccf3ef552f0dc3695e22ca7a9d2a77fb
 Signature: imedkablavi
████████████████████████████████████

████████████████████████████████████
█   SMART ACTIVITY SYSTEM v1.1     █
████████████████████████████████████
 Project : dailyTasks
 Status  : Stabilization & Cleanup
 Tag     : #cleanup
 Commits : 601
 Run     : #534
 Day     : Monday
 Week    : #14
 Time    : 2026-03-30 10:59:24 UTC
 Hash    : 8a4bc2ad09becd4d99fb020ad268acee19eade8432f93c0796698235a9ca2e4d
 Signature: imedkablavi
████████████████████████████████████

████████████████████████████████████
█   SMART ACTIVITY SYSTEM v1.1     █
████████████████████████████████████
 Project : dailyTasks
 Status  : Stabilization & Cleanup
 Tag     : #cleanup
 Commits : 602
 Run     : #535
 Day     : Monday
 Week    : #14
 Time    : 2026-03-30 15:01:07 UTC
 Hash    : ea820b5a43efb2354147de61a8a7f74f629c39bcbc8d4d14f84019498f10b9f6
 Signature: imedkablavi
████████████████████████████████████
