
████████████████████████████████████
█   SMART ACTIVITY SYSTEM v1.1     █
████████████████████████████████████
 Project : dailyTasks
 Status  : Stabilization & Cleanup
 Tag     : #cleanup
 Commits : 181
 Run     : #114
 Day     : Monday
 Week    : #04
 Time    : 2026-01-19 03:47:53 UTC
 Hash    : 7eed38697be0934955f7ca0a333d4dc02ad8c5181caaacc9ef47a53b632c3f29
 Signature: imedkablavi
████████████████████████████████████

████████████████████████████████████
█   SMART ACTIVITY SYSTEM v1.1     █
████████████████████████████████████
 Project : dailyTasks
 Status  : Stabilization & Cleanup
 Tag     : #cleanup
 Commits : 182
 Run     : #115
 Day     : Monday
 Week    : #04
 Time    : 2026-01-19 06:35:01 UTC
 Hash    : 9bfaaff8499beec3be6371e123357b8f9b46b00e3d8783b423b7f90f99d4f463
 Signature: imedkablavi
████████████████████████████████████
