
████████████████████████████████████
█   SMART ACTIVITY SYSTEM v1.1     █
████████████████████████████████████
 Project : dailyTasks
 Status  : Stabilization & Cleanup
 Tag     : #cleanup
 Commits : 139
 Run     : #72
 Day     : Monday
 Week    : #03
 Time    : 2026-01-12 03:47:03 UTC
 Hash    : 9a8e28291a516a1340b3e044969106d8fb5ea068a6d4991c32675b9d215e3d38
 Signature: imedkablavi
████████████████████████████████████

████████████████████████████████████
█   SMART ACTIVITY SYSTEM v1.1     █
████████████████████████████████████
 Project : dailyTasks
 Status  : Stabilization & Cleanup
 Tag     : #cleanup
 Commits : 140
 Run     : #73
 Day     : Monday
 Week    : #03
 Time    : 2026-01-12 06:33:05 UTC
 Hash    : ff05904b584b428471d8440233c584f0c51afaaf3370af9b5a0a56469bc6ab8a
 Signature: imedkablavi
████████████████████████████████████
