
████████████████████████████████████
█   SMART ACTIVITY SYSTEM v1.1     █
████████████████████████████████████
 Project : dailyTasks
 Status  : Active Development
 Tag     : #dev
 Commits : 97
 Run     : #30
 Day     : Monday
 Week    : #02
 Time    : 2026-01-05 03:53:13 UTC
 Hash    : d04875949950ab7fdcb2dc553c88bac1135ec9b9ea18b8c4daee806fd5a7bae3
 Signature: imedkablavi
████████████████████████████████████

████████████████████████████████████
█   SMART ACTIVITY SYSTEM v1.1     █
████████████████████████████████████
 Project : dailyTasks
 Status  : Active Development
 Tag     : #dev
 Commits : 98
 Run     : #31
 Day     : Monday
 Week    : #02
 Time    : 2026-01-05 06:35:45 UTC
 Hash    : 7b8bce4651288c43b71595fe36b63f6bf3005bca7679cfdce520f068c3c4234b
 Signature: imedkablavi
████████████████████████████████████
