
████████████████████████████████████
█   SMART ACTIVITY SYSTEM v1.1     █
████████████████████████████████████
 Project : dailyTasks
 Status  : Stabilization & Cleanup
 Tag     : #cleanup
 Commits : 265
 Run     : #198
 Day     : Monday
 Week    : #06
 Time    : 2026-02-02 04:22:50 UTC
 Hash    : bbf99c5ea373cc48ab8204b73c40b299ec72c1ba36cf95e2c81cff8bb2f8dde7
 Signature: imedkablavi
████████████████████████████████████

████████████████████████████████████
█   SMART ACTIVITY SYSTEM v1.1     █
████████████████████████████████████
 Project : dailyTasks
 Status  : Stabilization & Cleanup
 Tag     : #cleanup
 Commits : 266
 Run     : #199
 Day     : Monday
 Week    : #06
 Time    : 2026-02-02 06:59:37 UTC
 Hash    : 9c72f4bc0e6729ab55799d0f465706abb6162152dbcd642878d883a9a7ee0410
 Signature: imedkablavi
████████████████████████████████████

████████████████████████████████████
█   SMART ACTIVITY SYSTEM v1.1     █
████████████████████████████████████
 Project : dailyTasks
 Status  : Stabilization & Cleanup
 Tag     : #cleanup
 Commits : 267
 Run     : #200
 Day     : Monday
 Week    : #06
 Time    : 2026-02-02 10:41:16 UTC
 Hash    : 5a6680bbbadb222394a4d183af5c325350839f01c0eab6279c06c04173911b6f
 Signature: imedkablavi
████████████████████████████████████

████████████████████████████████████
█   SMART ACTIVITY SYSTEM v1.1     █
████████████████████████████████████
 Project : dailyTasks
 Status  : Stabilization & Cleanup
 Tag     : #cleanup
 Commits : 268
 Run     : #201
 Day     : Monday
 Week    : #06
 Time    : 2026-02-02 14:38:55 UTC
 Hash    : 6ea220ab85ad1960a129aabf001b3be3aaa6daf2c1f96bc9140a2a1ceb80aa60
 Signature: imedkablavi
████████████████████████████████████
