
████████████████████████████████████
█   SMART ACTIVITY SYSTEM v1.1     █
████████████████████████████████████
 Project : dailyTasks
 Status  : Stabilization & Cleanup
 Tag     : #cleanup
 Commits : 306
 Run     : #239
 Day     : Monday
 Week    : #07
 Time    : 2026-02-09 04:25:40 UTC
 Hash    : f721fbf6dbb246d0ff553945719df3bf96632e208e21af298e65511246112b4f
 Signature: imedkablavi
████████████████████████████████████

████████████████████████████████████
█   SMART ACTIVITY SYSTEM v1.1     █
████████████████████████████████████
 Project : dailyTasks
 Status  : Stabilization & Cleanup
 Tag     : #cleanup
 Commits : 307
 Run     : #240
 Day     : Monday
 Week    : #07
 Time    : 2026-02-09 07:01:13 UTC
 Hash    : 365bd535e9f95a4e50d06a7be3aa839cfef0b912bf3f49783285d88ec3dfc2a6
 Signature: imedkablavi
████████████████████████████████████

████████████████████████████████████
█   SMART ACTIVITY SYSTEM v1.1     █
████████████████████████████████████
 Project : dailyTasks
 Status  : Stabilization & Cleanup
 Tag     : #cleanup
 Commits : 308
 Run     : #241
 Day     : Monday
 Week    : #07
 Time    : 2026-02-09 10:59:49 UTC
 Hash    : fee147bf2e12783429f4dfab0aeb0b7e6252e32982fb65404b625d6610eb8468
 Signature: imedkablavi
████████████████████████████████████
