
████████████████████████████████████
█   SMART ACTIVITY SYSTEM v1.1     █
████████████████████████████████████
 Project : dailyTasks
 Status  : Stabilization & Cleanup
 Tag     : #cleanup
 Commits : 683
 Run     : #616
 Day     : Monday
 Week    : #16
 Time    : 2026-04-13 04:56:18 UTC
 Hash    : b6d036d7cb4e5b7085978c9139d697691563618ad34bbd9641a88bf8e97417c5
 Signature: imedkablavi
████████████████████████████████████

████████████████████████████████████
█   SMART ACTIVITY SYSTEM v1.1     █
████████████████████████████████████
 Project : dailyTasks
 Status  : Stabilization & Cleanup
 Tag     : #cleanup
 Commits : 684
 Run     : #617
 Day     : Monday
 Week    : #16
 Time    : 2026-04-13 07:58:55 UTC
 Hash    : 4ae6d9a4dd7a034a5e44469f95bcb71994df1c6377592e16a3081d3bb98c6567
 Signature: imedkablavi
████████████████████████████████████
