- Automated heartbeat Sat Dec 13 12:58:01 UTC 2025
- Automated heartbeat Sat Dec 13 14:09:08 UTC 2025
- Automated heartbeat Sat Dec 13 20:14:25 UTC 2025
- Automated heartbeat Sun Dec 14 06:32:19 UTC 2025
- Automated heartbeat Sun Dec 14 10:12:49 UTC 2025
- Automated heartbeat Sun Dec 14 14:09:36 UTC 2025
- Automated heartbeat Sun Dec 14 15:25:50 UTC 2025
- Automated heartbeat Sun Dec 14 15:26:41 UTC 2025
- Automated heartbeat Sun Dec 14 20:14:28 UTC 2025
- Automated heartbeat Mon Dec 15 06:38:08 UTC 2025
- Automated heartbeat Mon Dec 15 10:17:37 UTC 2025
- Automated heartbeat Mon Dec 15 14:15:15 UTC 2025
- Automated heartbeat Mon Dec 15 20:16:02 UTC 2025
- Automated heartbeat Tue Dec 16 06:36:13 UTC 2025
- Automated heartbeat Tue Dec 16 10:15:59 UTC 2025
- Automated heartbeat Tue Dec 16 14:14:23 UTC 2025
- Automated heartbeat Tue Dec 16 20:16:33 UTC 2025
- Automated heartbeat Wed Dec 17 06:36:07 UTC 2025
- Automated heartbeat Wed Dec 17 10:15:54 UTC 2025
- Automated heartbeat Wed Dec 17 14:12:21 UTC 2025
- Automated heartbeat Wed Dec 17 20:16:16 UTC 2025
- Automated heartbeat Thu Dec 18 06:36:05 UTC 2025
- Automated heartbeat Thu Dec 18 10:14:57 UTC 2025
- Automated heartbeat Thu Dec 18 14:13:28 UTC 2025
- Automated heartbeat Thu Dec 18 20:14:34 UTC 2025
- Automated heartbeat Fri Dec 19 06:34:16 UTC 2025
- Automated heartbeat Fri Dec 19 10:14:39 UTC 2025
- Automated heartbeat Fri Dec 19 14:11:39 UTC 2025
- Automated heartbeat Fri Dec 19 20:15:28 UTC 2025
- Automated heartbeat Sat Dec 20 06:32:45 UTC 2025
- Automated heartbeat Sat Dec 20 10:12:55 UTC 2025
- Automated heartbeat Sat Dec 20 14:09:07 UTC 2025
- Automated heartbeat Sat Dec 20 20:13:47 UTC 2025
- Automated heartbeat Sun Dec 21 06:32:43 UTC 2025
- Automated heartbeat Sun Dec 21 10:13:03 UTC 2025
- Automated heartbeat Sun Dec 21 14:09:38 UTC 2025
- Automated heartbeat Sun Dec 21 20:14:28 UTC 2025
- Automated heartbeat Mon Dec 22 06:37:39 UTC 2025
- Automated heartbeat Mon Dec 22 10:15:13 UTC 2025
- Automated heartbeat Mon Dec 22 14:12:03 UTC 2025
- Automated heartbeat Mon Dec 22 20:15:24 UTC 2025
- Automated heartbeat Tue Dec 23 06:36:26 UTC 2025
- Automated heartbeat Tue Dec 23 10:15:15 UTC 2025
- Automated heartbeat Tue Dec 23 14:11:36 UTC 2025
- Automated heartbeat Tue Dec 23 20:15:14 UTC 2025
- Automated heartbeat Wed Dec 24 06:36:17 UTC 2025
